<?xml version="1.0" encoding="UTF-8"?>
<robot generator="Robot 6.1.1 (Python 3.12.3 on darwin)" generated="20250517 21:49:43.551" rpa="false" schemaversion="4">
<suite id="s1" name="Hello Test" source="/Users/diamond/Documents/robotframework-exercises/exercises/basic/4_hello_cli/hello_test.robot">
<test id="s1-t1" name="Hello CLI" line="2">
<kw name="Log" library="BuiltIn">
<arg>Hello from CLI!</arg>
<doc>Logs the given message with the given level.</doc>
<msg timestamp="20250517 21:49:43.567" level="INFO">Hello from CLI!</msg>
<status status="PASS" starttime="20250517 21:49:43.567" endtime="20250517 21:49:43.567"/>
</kw>
<status status="PASS" starttime="20250517 21:49:43.567" endtime="20250517 21:49:43.567"/>
</test>
<status status="PASS" starttime="20250517 21:49:43.552" endtime="20250517 21:49:43.567"/>
</suite>
<statistics>
<total>
<stat pass="1" fail="0" skip="0">All Tests</stat>
</total>
<tag>
</tag>
<suite>
<stat pass="1" fail="0" skip="0" id="s1" name="Hello Test">Hello Test</stat>
</suite>
</statistics>
<errors>
</errors>
</robot>
