<?xml version="1.0" encoding="UTF-8"?>
<robot generator="Robot 6.1.1 (Python 3.12.3 on darwin)" generated="20250517 21:28:59.761" rpa="false" schemaversion="4">
<suite id="s1" name="Main Test" source="/Users/diamond/Documents/robotframework-exercises/exercises/basic/2_greeting_keywords/main_test.robot">
<test id="s1-t1" name="Greet Test" line="5">
<kw name="Greet User" library="greeting_keywords">
<kw name="Log" library="BuiltIn">
<arg>welcome, user!</arg>
<doc>Logs the given message with the given level.</doc>
<msg timestamp="20250517 21:28:59.775" level="INFO">welcome, user!</msg>
<status status="PASS" starttime="20250517 21:28:59.775" endtime="20250517 21:28:59.775"/>
</kw>
<status status="PASS" starttime="20250517 21:28:59.775" endtime="20250517 21:28:59.775"/>
</kw>
<status status="PASS" starttime="20250517 21:28:59.774" endtime="20250517 21:28:59.775"/>
</test>
<status status="PASS" starttime="20250517 21:28:59.762" endtime="20250517 21:28:59.775"/>
</suite>
<statistics>
<total>
<stat pass="1" fail="0" skip="0">All Tests</stat>
</total>
<tag>
</tag>
<suite>
<stat pass="1" fail="0" skip="0" id="s1" name="Main Test">Main Test</stat>
</suite>
</statistics>
<errors>
</errors>
</robot>
